mpif90 -O2 -Wall -Wextra -cpp -fopenmp -D_USE_OPENMP -J../bin -I../bin -c lib/parameters.f90 -o ../bin/parameters.o
mpif90 -O2 -Wall -Wextra -cpp -fopenmp -D_USE_OPENMP -J../bin -I../bin -c lib/io.f90 -o ../bin/io.o
mpif90 -O2 -Wall -Wextra -cpp -fopenmp -D_USE_OPENMP -J../bin -I../bin -c lib/initial-conf.f90 -o ../bin/initial-conf.o
mpif90 -O2 -Wall -Wextra -cpp -fopenmp -D_USE_OPENMP -J../bin -I../bin -c lib/energy.f90 -o ../bin/energy.o
mpif90 -O2 -Wall -Wextra -cpp -fopenmp -D_USE_OPENMP -J../bin -I../bin -c lib/energy_all_atoms.f90 -o ../bin/energy_all_atoms.o
mpif90 -O2 -Wall -Wextra -cpp -fopenmp -D_USE_OPENMP -J../bin -I../bin -c lib/monte_carlo.f90 -o ../bin/monte_carlo.o
mpif90 -O2 -Wall -Wextra -cpp -fopenmp -D_USE_OPENMP -J../bin -I../bin -c lib/observables.f90 -o ../bin/observables.o
mpif90 -O2 -Wall -Wextra -cpp -fopenmp -D_USE_OPENMP -J../bin -I../bin -c main_parallel.f90 -o ../bin/main_parallel.o
mpif90 -O2 -Wall -Wextra -cpp -fopenmp -D_USE_OPENMP -o ../bin/main_parallel.x ../bin/parameters.o ../bin/io.o ../bin/initial-conf.o ../bin/energy.o ../bin/energy_all_atoms.o ../bin/monte_carlo.o ../bin/observables.o ../bin/main_parallel.o
Running parallel: nc=20, steps=1000000
 [Rank 1] Initialization Complete | conf_type = 4
 [MC Simulation] Carbons: 20
 [MC Simulation] Total Steps: 1000000
 [MC Simulation] T_ini (K):   300.0000  T_fin (K):   300.0000
 [MC Simulation] Cooling factor per step:   0.0000E+00
 ------------------------------------------------------------
 [Rank 2] Initialization Complete | conf_type = 5
 [MC Simulation] Carbons: 20
 [MC Simulation] Total Steps: 1000000
 [MC Simulation] T_ini (K):   300.0000  T_fin (K):   300.0000
 [MC Simulation] Cooling factor per step:   0.0000E+00
 ------------------------------------------------------------
 [Rank 0] Initialization Complete | conf_type = 1
 [MC Simulation] Carbons: 20
 [MC Simulation] Total Steps: 1000000
 [MC Simulation] T_ini (K):   300.0000  T_fin (K):   300.0000
 [MC Simulation] Cooling factor per step:   0.0000E+00
 ------------------------------------------------------------
 [Rank 0] Step:         1 | Energy:     -0.8365 | Acc:  0.00%
 [Rank 2] Step:         1 | Energy:      0.3502 | Acc:  0.00%
 [Rank 1] Step:         1 | Energy:      6.9931 | Acc:  0.00%
 [Rank 2] Step:     10000 | Energy:      8.6760 | Acc: 37.57%
 [Rank 1] Step:     10000 | Energy:     13.1459 | Acc: 36.45%
 [Rank 0] Step:     10000 | Energy:      5.4639 | Acc: 33.55%
 [Rank 2] Step:     20000 | Energy:     11.0145 | Acc: 36.19%
 [Rank 1] Step:     20000 | Energy:      7.1131 | Acc: 35.11%
 [Rank 0] Step:     20000 | Energy:      9.7804 | Acc: 32.34%
 [Rank 2] Step:     30000 | Energy:     13.6597 | Acc: 36.38%
 [Rank 0] Step:     30000 | Energy:      4.3025 | Acc: 33.96%
 [Rank 1] Step:     30000 | Energy:      8.0388 | Acc: 33.34%
 [Rank 2] Step:     40000 | Energy:      7.3745 | Acc: 36.03%
 [Rank 1] Step:     40000 | Energy:      6.4828 | Acc: 33.78%
 [Rank 0] Step:     40000 | Energy:      9.7758 | Acc: 33.22%
 [Rank 2] Step:     50000 | Energy:      8.0321 | Acc: 35.68%
 [Rank 1] Step:     50000 | Energy:     12.0012 | Acc: 34.53%
 [Rank 0] Step:     50000 | Energy:      8.9854 | Acc: 32.95%
 [Rank 2] Step:     60000 | Energy:     14.5429 | Acc: 35.98%
 [Rank 1] Step:     60000 | Energy:      7.4502 | Acc: 34.26%
 [Rank 0] Step:     60000 | Energy:      5.1108 | Acc: 33.94%
 [Rank 2] Step:     70000 | Energy:      5.5626 | Acc: 36.21%
 [Rank 1] Step:     70000 | Energy:      6.4246 | Acc: 34.65%
 [Rank 0] Step:     70000 | Energy:      8.8430 | Acc: 33.81%
 [Rank 2] Step:     80000 | Energy:      9.7341 | Acc: 36.37%
 [Rank 1] Step:     80000 | Energy:     11.5312 | Acc: 34.73%
 [Rank 0] Step:     80000 | Energy:      7.5331 | Acc: 33.37%
 [Rank 2] Step:     90000 | Energy:      6.7565 | Acc: 35.83%
 [Rank 1] Step:     90000 | Energy:      7.9369 | Acc: 35.10%
 [Rank 0] Step:     90000 | Energy:      7.4173 | Acc: 32.99%
 [Rank 2] Step:    100000 | Energy:     14.0389 | Acc: 35.47%
 [Rank 1] Step:    100000 | Energy:     10.2241 | Acc: 35.26%
 [Rank 0] Step:    100000 | Energy:      9.3768 | Acc: 32.94%
 [Rank 2] Step:    110000 | Energy:     10.5784 | Acc: 35.54%
 [Rank 1] Step:    110000 | Energy:      8.0922 | Acc: 35.31%
 [Rank 2] Step:    120000 | Energy:     10.2475 | Acc: 35.73%
 [Rank 0] Step:    110000 | Energy:      8.0188 | Acc: 32.41%
 [Rank 1] Step:    120000 | Energy:      6.0663 | Acc: 35.04%
 [Rank 2] Step:    130000 | Energy:      8.4366 | Acc: 35.80%
 [Rank 0] Step:    120000 | Energy:      8.5804 | Acc: 32.33%
 [Rank 1] Step:    130000 | Energy:      5.6742 | Acc: 34.65%
 [Rank 2] Step:    140000 | Energy:     10.9330 | Acc: 35.98%
 [Rank 0] Step:    130000 | Energy:      3.8459 | Acc: 32.75%
 [Rank 1] Step:    140000 | Energy:     12.5079 | Acc: 34.77%
 [Rank 2] Step:    150000 | Energy:     14.6969 | Acc: 35.74%
 [Rank 0] Step:    140000 | Energy:     10.1445 | Acc: 32.67%
 [Rank 1] Step:    150000 | Energy:     14.4761 | Acc: 34.95%
 [Rank 2] Step:    160000 | Energy:      4.9635 | Acc: 35.89%
 [Rank 0] Step:    150000 | Energy:     11.9568 | Acc: 33.00%
 [Rank 1] Step:    160000 | Energy:     18.5295 | Acc: 35.14%
 [Rank 2] Step:    170000 | Energy:      9.6841 | Acc: 36.07%
 [Rank 0] Step:    160000 | Energy:     11.5099 | Acc: 33.27%
 [Rank 1] Step:    170000 | Energy:      7.2622 | Acc: 35.02%
 [Rank 2] Step:    180000 | Energy:      9.8117 | Acc: 35.78%
 [Rank 0] Step:    170000 | Energy:     11.2198 | Acc: 33.19%
 [Rank 1] Step:    180000 | Energy:     11.8031 | Acc: 35.05%
 [Rank 2] Step:    190000 | Energy:      9.2400 | Acc: 35.67%
 [Rank 0] Step:    180000 | Energy:     12.9036 | Acc: 33.31%
 [Rank 1] Step:    190000 | Energy:      2.7523 | Acc: 35.04%
 [Rank 2] Step:    200000 | Energy:      9.3634 | Acc: 35.66%
 [Rank 1] Step:    200000 | Energy:      8.1786 | Acc: 35.05%
 [Rank 0] Step:    190000 | Energy:      8.5840 | Acc: 33.41%
 [Rank 2] Step:    210000 | Energy:     11.7759 | Acc: 35.61%
 [Rank 1] Step:    210000 | Energy:      7.3753 | Acc: 35.11%
 [Rank 0] Step:    200000 | Energy:      8.1285 | Acc: 33.39%
 [Rank 2] Step:    220000 | Energy:     11.7148 | Acc: 35.72%
 [Rank 1] Step:    220000 | Energy:      8.7034 | Acc: 35.28%
 [Rank 0] Step:    210000 | Energy:      8.9546 | Acc: 33.29%
 [Rank 2] Step:    230000 | Energy:      7.7202 | Acc: 35.62%
 [Rank 1] Step:    230000 | Energy:      6.4603 | Acc: 35.33%
 [Rank 0] Step:    220000 | Energy:      9.5497 | Acc: 33.44%
 [Rank 1] Step:    240000 | Energy:     10.1896 | Acc: 35.13%
 [Rank 2] Step:    240000 | Energy:      9.9825 | Acc: 35.38%
 [Rank 0] Step:    230000 | Energy:     10.4381 | Acc: 33.55%
 [Rank 1] Step:    250000 | Energy:     14.5316 | Acc: 35.19%
 [Rank 2] Step:    250000 | Energy:      5.9840 | Acc: 35.26%
 [Rank 0] Step:    240000 | Energy:     11.5425 | Acc: 33.74%
 [Rank 1] Step:    260000 | Energy:     10.5033 | Acc: 35.03%
 [Rank 2] Step:    260000 | Energy:      8.0454 | Acc: 35.16%
 [Rank 0] Step:    250000 | Energy:      9.0659 | Acc: 33.78%
 [Rank 1] Step:    270000 | Energy:      9.0918 | Acc: 35.12%
 [Rank 2] Step:    270000 | Energy:     12.8216 | Acc: 35.20%
 [Rank 0] Step:    260000 | Energy:      9.1550 | Acc: 33.91%
 [Rank 1] Step:    280000 | Energy:      9.6095 | Acc: 35.20%
 [Rank 2] Step:    280000 | Energy:     10.8120 | Acc: 35.17%
 [Rank 0] Step:    270000 | Energy:     12.3237 | Acc: 33.95%
 [Rank 1] Step:    290000 | Energy:      7.2276 | Acc: 35.26%
 [Rank 2] Step:    290000 | Energy:     11.9208 | Acc: 35.06%
 [Rank 0] Step:    280000 | Energy:      6.8140 | Acc: 34.01%
 [Rank 1] Step:    300000 | Energy:      7.8531 | Acc: 35.27%
 [Rank 0] Step:    290000 | Energy:      8.5818 | Acc: 34.01%
 [Rank 2] Step:    300000 | Energy:      8.4630 | Acc: 34.97%
 [Rank 1] Step:    310000 | Energy:     10.0828 | Acc: 35.31%
 [Rank 2] Step:    310000 | Energy:     10.4041 | Acc: 35.08%
 [Rank 0] Step:    300000 | Energy:      4.6865 | Acc: 34.00%
 [Rank 1] Step:    320000 | Energy:     10.1915 | Acc: 35.39%
 [Rank 2] Step:    320000 | Energy:      9.6118 | Acc: 35.06%
 [Rank 0] Step:    310000 | Energy:      6.5517 | Acc: 33.86%
 [Rank 1] Step:    330000 | Energy:      7.4571 | Acc: 35.48%
 [Rank 2] Step:    330000 | Energy:      9.9212 | Acc: 34.84%
 [Rank 1] Step:    340000 | Energy:     12.6210 | Acc: 35.56%
 [Rank 0] Step:    320000 | Energy:      5.8175 | Acc: 33.65%
 [Rank 1] Step:    350000 | Energy:      6.5534 | Acc: 35.52%
 [Rank 2] Step:    340000 | Energy:     14.4049 | Acc: 34.59%
 [Rank 0] Step:    330000 | Energy:      8.6914 | Acc: 33.39%
 [Rank 1] Step:    360000 | Energy:     14.7705 | Acc: 35.32%
 [Rank 0] Step:    340000 | Energy:      4.9999 | Acc: 33.55%
 [Rank 2] Step:    350000 | Energy:      5.5364 | Acc: 34.38%
 [Rank 1] Step:    370000 | Energy:      9.4234 | Acc: 35.40%
 [Rank 0] Step:    350000 | Energy:      7.8482 | Acc: 33.45%
 [Rank 2] Step:    360000 | Energy:      9.6535 | Acc: 34.19%
 [Rank 1] Step:    380000 | Energy:      5.5628 | Acc: 35.44%
 [Rank 2] Step:    370000 | Energy:      7.1555 | Acc: 34.26%
 [Rank 0] Step:    360000 | Energy:      8.8900 | Acc: 33.38%
 [Rank 1] Step:    390000 | Energy:     10.5435 | Acc: 35.48%
 [Rank 2] Step:    380000 | Energy:     11.2858 | Acc: 34.27%
 [Rank 0] Step:    370000 | Energy:     11.0475 | Acc: 33.34%
 [Rank 1] Step:    400000 | Energy:      6.7688 | Acc: 35.47%
 [Rank 2] Step:    390000 | Energy:     14.5854 | Acc: 34.32%
 [Rank 0] Step:    380000 | Energy:      7.9149 | Acc: 33.14%
 [Rank 1] Step:    410000 | Energy:     13.5567 | Acc: 35.50%
 [Rank 2] Step:    400000 | Energy:      8.5791 | Acc: 34.42%
 [Rank 0] Step:    390000 | Energy:     10.2842 | Acc: 33.17%
 [Rank 1] Step:    420000 | Energy:     10.1754 | Acc: 35.46%
 [Rank 2] Step:    410000 | Energy:      4.2441 | Acc: 34.34%
 [Rank 0] Step:    400000 | Energy:      6.6436 | Acc: 33.32%
 [Rank 1] Step:    430000 | Energy:      7.5860 | Acc: 35.49%
 [Rank 2] Step:    420000 | Energy:      4.4723 | Acc: 34.26%
 [Rank 0] Step:    410000 | Energy:      6.8032 | Acc: 33.46%
 [Rank 1] Step:    440000 | Energy:      4.7692 | Acc: 35.51%
 [Rank 2] Step:    430000 | Energy:      6.2997 | Acc: 34.28%
 [Rank 0] Step:    420000 | Energy:      9.5139 | Acc: 33.44%
 [Rank 1] Step:    450000 | Energy:     12.1818 | Acc: 35.51%
 [Rank 2] Step:    440000 | Energy:      8.7461 | Acc: 34.30%
 [Rank 1] Step:    460000 | Energy:     10.1642 | Acc: 35.53%
 [Rank 0] Step:    430000 | Energy:      5.5870 | Acc: 33.30%
 [Rank 2] Step:    450000 | Energy:      9.6359 | Acc: 34.24%
 [Rank 1] Step:    470000 | Energy:     10.9583 | Acc: 35.49%
 [Rank 0] Step:    440000 | Energy:     10.5369 | Acc: 33.18%
 [Rank 2] Step:    460000 | Energy:      8.9521 | Acc: 34.26%
 [Rank 1] Step:    480000 | Energy:      9.6268 | Acc: 35.36%
 [Rank 0] Step:    450000 | Energy:     12.5670 | Acc: 33.20%
 [Rank 2] Step:    470000 | Energy:      6.7769 | Acc: 34.21%
 [Rank 0] Step:    460000 | Energy:     11.1703 | Acc: 33.28%
 [Rank 1] Step:    490000 | Energy:      6.5634 | Acc: 35.24%
 [Rank 2] Step:    480000 | Energy:     18.3380 | Acc: 34.25%
 [Rank 0] Step:    470000 | Energy:      9.3860 | Acc: 33.40%
 [Rank 1] Step:    500000 | Energy:      9.8905 | Acc: 35.17%
 [Rank 2] Step:    490000 | Energy:      8.7891 | Acc: 34.18%
 [Rank 0] Step:    480000 | Energy:      7.8239 | Acc: 33.48%
 [Rank 1] Step:    510000 | Energy:      7.1886 | Acc: 35.23%
 [Rank 0] Step:    490000 | Energy:      5.8356 | Acc: 33.51%
 [Rank 2] Step:    500000 | Energy:     10.1471 | Acc: 34.09%
 [Rank 1] Step:    520000 | Energy:      9.3291 | Acc: 35.28%
 [Rank 1] Step:    530000 | Energy:      8.5972 | Acc: 35.34%
 [Rank 0] Step:    500000 | Energy:      4.9999 | Acc: 33.37%
 [Rank 2] Step:    510000 | Energy:     12.2725 | Acc: 33.98%
 [Rank 1] Step:    540000 | Energy:      5.9576 | Acc: 35.38%
 [Rank 2] Step:    520000 | Energy:      8.9248 | Acc: 34.02%
 [Rank 0] Step:    510000 | Energy:      6.7523 | Acc: 33.23%
 [Rank 1] Step:    550000 | Energy:      8.1018 | Acc: 35.39%
 [Rank 2] Step:    530000 | Energy:      9.7205 | Acc: 34.08%
 [Rank 0] Step:    520000 | Energy:     13.1235 | Acc: 33.23%
 [Rank 1] Step:    560000 | Energy:      5.9825 | Acc: 35.39%
 [Rank 2] Step:    540000 | Energy:      6.8660 | Acc: 34.10%
 [Rank 0] Step:    530000 | Energy:      4.9998 | Acc: 33.28%
 [Rank 1] Step:    570000 | Energy:      4.8825 | Acc: 35.39%
 [Rank 2] Step:    550000 | Energy:     12.5034 | Acc: 34.12%
 [Rank 0] Step:    540000 | Energy:      9.7113 | Acc: 33.24%
 [Rank 1] Step:    580000 | Energy:     15.1207 | Acc: 35.38%
 [Rank 2] Step:    560000 | Energy:     13.5904 | Acc: 34.15%
 [Rank 0] Step:    550000 | Energy:      7.7596 | Acc: 33.10%
 [Rank 2] Step:    570000 | Energy:      2.0876 | Acc: 34.22%
 [Rank 1] Step:    590000 | Energy:      2.4404 | Acc: 35.27%
 [Rank 0] Step:    560000 | Energy:      6.5014 | Acc: 33.13%
 [Rank 2] Step:    580000 | Energy:      6.7461 | Acc: 34.15%
 [Rank 1] Step:    600000 | Energy:      7.5023 | Acc: 35.18%
 [Rank 0] Step:    570000 | Energy:     10.6952 | Acc: 33.22%
 [Rank 1] Step:    610000 | Energy:      8.9479 | Acc: 35.23%
 [Rank 2] Step:    590000 | Energy:     11.4001 | Acc: 34.12%
 [Rank 0] Step:    580000 | Energy:      7.4761 | Acc: 33.24%
 [Rank 1] Step:    620000 | Energy:      9.3030 | Acc: 35.25%
 [Rank 2] Step:    600000 | Energy:      7.6226 | Acc: 33.96%
 [Rank 0] Step:    590000 | Energy:      7.4914 | Acc: 33.29%
 [Rank 1] Step:    630000 | Energy:      6.8835 | Acc: 35.26%
 [Rank 2] Step:    610000 | Energy:      6.8057 | Acc: 33.88%
 [Rank 0] Step:    600000 | Energy:      8.8870 | Acc: 33.32%
 [Rank 1] Step:    640000 | Energy:     13.6786 | Acc: 35.29%
 [Rank 0] Step:    610000 | Energy:     11.1835 | Acc: 33.40%
 [Rank 2] Step:    620000 | Energy:     10.5497 | Acc: 33.80%
 [Rank 1] Step:    650000 | Energy:      8.4029 | Acc: 35.33%
 [Rank 0] Step:    620000 | Energy:     10.8881 | Acc: 33.43%
 [Rank 2] Step:    630000 | Energy:      8.9336 | Acc: 33.81%
 [Rank 1] Step:    660000 | Energy:      7.6579 | Acc: 35.37%
 [Rank 1] Step:    670000 | Energy:     11.3241 | Acc: 35.40%
 [Rank 0] Step:    630000 | Energy:      3.8845 | Acc: 33.29%
 [Rank 2] Step:    640000 | Energy:      6.4164 | Acc: 33.73%
 [Rank 1] Step:    680000 | Energy:      8.8047 | Acc: 35.42%
 [Rank 2] Step:    650000 | Energy:      9.2559 | Acc: 33.73%
 [Rank 0] Step:    640000 | Energy:      3.3725 | Acc: 33.20%
 [Rank 1] Step:    690000 | Energy:      9.5131 | Acc: 35.35%
 [Rank 2] Step:    660000 | Energy:      8.3130 | Acc: 33.66%
 [Rank 0] Step:    650000 | Energy:      8.5765 | Acc: 33.15%
 [Rank 1] Step:    700000 | Energy:      6.9936 | Acc: 35.38%
 [Rank 2] Step:    670000 | Energy:     10.2705 | Acc: 33.70%
 [Rank 0] Step:    660000 | Energy:      9.3367 | Acc: 33.23%
 [Rank 1] Step:    710000 | Energy:     10.7034 | Acc: 35.43%
 [Rank 2] Step:    680000 | Energy:      5.2809 | Acc: 33.70%
 [Rank 0] Step:    670000 | Energy:      6.1668 | Acc: 33.27%
 [Rank 1] Step:    720000 | Energy:      9.2484 | Acc: 35.43%
 [Rank 2] Step:    690000 | Energy:      8.6800 | Acc: 33.73%
 [Rank 0] Step:    680000 | Energy:      4.1320 | Acc: 33.15%
 [Rank 1] Step:    730000 | Energy:      9.0403 | Acc: 35.43%
 [Rank 2] Step:    700000 | Energy:      5.6028 | Acc: 33.77%
 [Rank 0] Step:    690000 | Energy:      7.1367 | Acc: 33.18%
 [Rank 1] Step:    740000 | Energy:      8.8194 | Acc: 35.38%
 [Rank 2] Step:    710000 | Energy:      5.5794 | Acc: 33.82%
 [Rank 0] Step:    700000 | Energy:      4.6668 | Acc: 33.16%
 [Rank 1] Step:    750000 | Energy:      7.5181 | Acc: 35.38%
 [Rank 2] Step:    720000 | Energy:      6.6490 | Acc: 33.83%
 [Rank 0] Step:    710000 | Energy:     12.6951 | Acc: 33.14%
 [Rank 1] Step:    760000 | Energy:      9.9373 | Acc: 35.37%
 [Rank 2] Step:    730000 | Energy:      5.9936 | Acc: 33.86%
 [Rank 0] Step:    720000 | Energy:      7.7652 | Acc: 33.21%
 [Rank 1] Step:    770000 | Energy:      8.5088 | Acc: 35.34%
 [Rank 2] Step:    740000 | Energy:     10.1372 | Acc: 33.90%
 [Rank 0] Step:    730000 | Energy:      5.0418 | Acc: 33.20%
 [Rank 1] Step:    780000 | Energy:      8.6146 | Acc: 35.31%
 [Rank 2] Step:    750000 | Energy:      8.7040 | Acc: 33.91%
 [Rank 0] Step:    740000 | Energy:      4.7483 | Acc: 33.20%
 [Rank 2] Step:    760000 | Energy:      9.5325 | Acc: 33.91%
 [Rank 1] Step:    790000 | Energy:      6.6091 | Acc: 35.22%
 [Rank 0] Step:    750000 | Energy:      7.0551 | Acc: 33.27%
 [Rank 2] Step:    770000 | Energy:      8.0163 | Acc: 33.92%
 [Rank 1] Step:    800000 | Energy:      3.4810 | Acc: 35.11%
 [Rank 0] Step:    760000 | Energy:      8.4053 | Acc: 33.23%
 [Rank 2] Step:    780000 | Energy:      9.1862 | Acc: 33.97%
 [Rank 1] Step:    810000 | Energy:      9.5246 | Acc: 35.01%
 [Rank 0] Step:    770000 | Energy:     10.2490 | Acc: 33.21%
 [Rank 2] Step:    790000 | Energy:      5.6007 | Acc: 34.03%
 [Rank 1] Step:    820000 | Energy:      4.8928 | Acc: 34.89%
 [Rank 0] Step:    780000 | Energy:      9.8013 | Acc: 33.21%
 [Rank 2] Step:    800000 | Energy:      6.9072 | Acc: 34.03%
 [Rank 1] Step:    830000 | Energy:     12.3217 | Acc: 34.83%
 [Rank 2] Step:    810000 | Energy:      8.6685 | Acc: 34.07%
 [Rank 0] Step:    790000 | Energy:      8.4010 | Acc: 33.19%
 [Rank 1] Step:    840000 | Energy:      4.1246 | Acc: 34.86%
 [Rank 2] Step:    820000 | Energy:      6.4351 | Acc: 34.10%
 [Rank 0] Step:    800000 | Energy:     10.2179 | Acc: 33.25%
 [Rank 1] Step:    850000 | Energy:      9.4533 | Acc: 34.90%
 [Rank 0] Step:    810000 | Energy:      7.5503 | Acc: 33.28%
 [Rank 2] Step:    830000 | Energy:      7.5406 | Acc: 34.06%
 [Rank 1] Step:    860000 | Energy:     10.7172 | Acc: 34.93%
 [Rank 0] Step:    820000 | Energy:      7.8231 | Acc: 33.30%
 [Rank 2] Step:    840000 | Energy:     14.0429 | Acc: 34.05%
 [Rank 1] Step:    870000 | Energy:     10.0895 | Acc: 34.93%
 [Rank 0] Step:    830000 | Energy:     15.5051 | Acc: 33.36%
 [Rank 2] Step:    850000 | Energy:      9.1864 | Acc: 34.09%
 [Rank 1] Step:    880000 | Energy:     10.8466 | Acc: 34.95%
 [Rank 0] Step:    840000 | Energy:     12.3444 | Acc: 33.39%
 [Rank 2] Step:    860000 | Energy:      9.7488 | Acc: 34.09%
 [Rank 1] Step:    890000 | Energy:      3.6994 | Acc: 34.92%
 [Rank 0] Step:    850000 | Energy:      8.8723 | Acc: 33.44%
 [Rank 2] Step:    870000 | Energy:      5.2353 | Acc: 34.04%
 [Rank 1] Step:    900000 | Energy:      5.5400 | Acc: 34.90%
 [Rank 0] Step:    860000 | Energy:      9.3754 | Acc: 33.49%
 [Rank 2] Step:    880000 | Energy:      8.1820 | Acc: 33.96%
 [Rank 1] Step:    910000 | Energy:      6.0026 | Acc: 34.88%
 [Rank 0] Step:    870000 | Energy:      7.6736 | Acc: 33.49%
 [Rank 2] Step:    890000 | Energy:      8.2579 | Acc: 33.97%
 [Rank 1] Step:    920000 | Energy:      9.4447 | Acc: 34.88%
 [Rank 0] Step:    880000 | Energy:     11.6823 | Acc: 33.49%
 [Rank 2] Step:    900000 | Energy:      9.3757 | Acc: 34.01%
 [Rank 1] Step:    930000 | Energy:      4.9879 | Acc: 34.87%
 [Rank 0] Step:    890000 | Energy:      8.2084 | Acc: 33.53%
 [Rank 2] Step:    910000 | Energy:     12.4568 | Acc: 34.03%
 [Rank 1] Step:    940000 | Energy:      8.8140 | Acc: 34.88%
 [Rank 0] Step:    900000 | Energy:     12.9303 | Acc: 33.46%
 [Rank 2] Step:    920000 | Energy:      7.4348 | Acc: 34.03%
 [Rank 1] Step:    950000 | Energy:      9.1522 | Acc: 34.89%
 [Rank 0] Step:    910000 | Energy:      9.9438 | Acc: 33.51%
 [Rank 2] Step:    930000 | Energy:      9.1058 | Acc: 34.06%
 [Rank 1] Step:    960000 | Energy:     11.2846 | Acc: 34.93%
 [Rank 0] Step:    920000 | Energy:     13.8185 | Acc: 33.56%
 [Rank 2] Step:    940000 | Energy:     10.0515 | Acc: 34.10%
 [Rank 1] Step:    970000 | Energy:      7.8770 | Acc: 34.95%
 [Rank 0] Step:    930000 | Energy:      6.7115 | Acc: 33.59%
 [Rank 2] Step:    950000 | Energy:      6.0470 | Acc: 34.13%
 [Rank 1] Step:    980000 | Energy:      7.3550 | Acc: 34.98%
 [Rank 2] Step:    960000 | Energy:      6.1707 | Acc: 34.15%
 [Rank 1] Step:    990000 | Energy:     11.8633 | Acc: 34.99%
 [Rank 0] Step:    940000 | Energy:      5.4615 | Acc: 33.52%
 [Rank 2] Step:    970000 | Energy:      7.3923 | Acc: 34.16%
 [Rank 1] Step:   1000000 | Energy:      6.3438 | Acc: 35.00%
 [Rank 1] WALL TIME:      15.4117 s
 [Rank 1] Finished Successfully
 ------------------------------------------------------------
 [Rank 0] Step:    950000 | Energy:     10.0361 | Acc: 33.49%
 [Rank 2] Step:    980000 | Energy:      8.9906 | Acc: 34.16%
 [Rank 0] Step:    960000 | Energy:     11.4215 | Acc: 33.52%
 [Rank 2] Step:    990000 | Energy:      9.5539 | Acc: 34.16%
 [Rank 0] Step:    970000 | Energy:      6.7543 | Acc: 33.49%
 [Rank 2] Step:   1000000 | Energy:      9.7880 | Acc: 34.08%
 [Rank 2] WALL TIME:      15.9065 s
 [Rank 2] Finished Successfully
 ------------------------------------------------------------
 [Rank 0] Step:    980000 | Energy:      4.2581 | Acc: 33.42%
 [Rank 0] Step:    990000 | Energy:      4.3161 | Acc: 33.34%
 [Rank 0] Step:   1000000 | Energy:     10.2092 | Acc: 33.28%
 [Rank 0] WALL TIME:      16.3290 s
 [Rank 0] Finished Successfully
 ------------------------------------------------------------
